<?xml version="1.0" encoding="UTF-8"?>
<!-- Generated by org.testng.reporters.JUnitReportReporter -->
<testsuite hostname="dPLAP329" failures="0" tests="1" name="runner.TestRunner" time="0.101" errors="1" timestamp="2024-01-08T01:20:18 IST" skipped="0">
  <testcase classname="runner.TestRunner" name="runScenario" time="0.101">
    <error message="Cannot invoke &quot;org.openqa.selenium.WebDriver.get(String)&quot; because &quot;this.driver&quot; is null" type="java.lang.NullPointerException">
      <![CDATA[java.lang.NullPointerException: Cannot invoke "org.openqa.selenium.WebDriver.get(String)" because "this.driver" is null
at Pages.LoginPage.Enter_URL(LoginPage.java:25)
at stepdefs.LoginStepDef.User_Is_On_The_Login_Page(LoginStepDef.java:14)
at ✽.User Is On The Login Page(file:///C:/Users/GiridharLohiya/Cucumber_TestNG/src/test/resources/features/Login.feature:5)
]]>
    </error>
  </testcase> <!-- runScenario -->
</testsuite> <!-- runner.TestRunner -->
